c:\users\sufus\onedrive\desktop\humber\semester 2\game 153_gaming programing 2\sdl_project_1.1.0 - using umers body class\sdl_project\debug\vc141.pdb
c:\users\sufus\onedrive\desktop\humber\semester 2\game 153_gaming programing 2\sdl_project_1.1.0 - using umers body class\sdl_project\debug\vc141.idb
c:\users\sufus\onedrive\desktop\humber\semester 2\game 153_gaming programing 2\sdl_project_1.1.0 - using umers body class\sdl_project\debug\assignment1.obj
c:\users\sufus\onedrive\desktop\humber\semester 2\game 153_gaming programing 2\sdl_project_1.1.0 - using umers body class\sdl_project\debug\assignment2.obj
c:\users\sufus\onedrive\desktop\humber\semester 2\game 153_gaming programing 2\sdl_project_1.1.0 - using umers body class\sdl_project\debug\assignment3.obj
c:\users\sufus\onedrive\desktop\humber\semester 2\game 153_gaming programing 2\sdl_project_1.1.0 - using umers body class\sdl_project\debug\body.obj
c:\users\sufus\onedrive\desktop\humber\semester 2\game 153_gaming programing 2\sdl_project_1.1.0 - using umers body class\sdl_project\debug\collider.obj
c:\users\sufus\onedrive\desktop\humber\semester 2\game 153_gaming programing 2\sdl_project_1.1.0 - using umers body class\sdl_project\debug\gamemanager.obj
c:\users\sufus\onedrive\desktop\humber\semester 2\game 153_gaming programing 2\sdl_project_1.1.0 - using umers body class\sdl_project\debug\main.obj
c:\users\sufus\onedrive\desktop\humber\semester 2\game 153_gaming programing 2\sdl_project_1.1.0 - using umers body class\sdl_project\debug\mmath.obj
c:\users\sufus\onedrive\desktop\humber\semester 2\game 153_gaming programing 2\sdl_project_1.1.0 - using umers body class\sdl_project\debug\timer.obj
c:\users\sufus\onedrive\desktop\humber\semester 2\game 153_gaming programing 2\sdl_project_1.1.0 - using umers body class\sdl_project\debug\vmath.obj
c:\users\sufus\onedrive\desktop\humber\semester 2\game 153_gaming programing 2\sdl_project_1.1.0 - using umers body class\sdl_project\debug\window.obj
c:\users\sufus\onedrive\desktop\humber\semester 2\game 153_gaming programing 2\sdl_project_1.1.0 - using umers body class\debug\sdl_project.ilk
c:\users\sufus\onedrive\desktop\humber\semester 2\game 153_gaming programing 2\sdl_project_1.1.0 - using umers body class\debug\sdl_project.exe
c:\users\sufus\onedrive\desktop\humber\semester 2\game 153_gaming programing 2\sdl_project_1.1.0 - using umers body class\debug\sdl_project.pdb
d:\humber\semester 3\game 203_ game programing 5\oldproject\sdl_project\debug\assignment1.obj
d:\humber\semester 3\game 203_ game programing 5\oldproject\sdl_project\debug\assignment2.obj
d:\humber\semester 3\game 203_ game programing 5\oldproject\sdl_project\debug\assignment3.obj
d:\humber\semester 3\game 203_ game programing 5\oldproject\sdl_project\debug\body.obj
d:\humber\semester 3\game 203_ game programing 5\oldproject\sdl_project\debug\collider.obj
d:\humber\semester 3\game 203_ game programing 5\oldproject\sdl_project\debug\gamemanager.obj
d:\humber\semester 3\game 203_ game programing 5\oldproject\sdl_project\debug\main.obj
d:\humber\semester 3\game 203_ game programing 5\oldproject\sdl_project\debug\mmath.obj
d:\humber\semester 3\game 203_ game programing 5\oldproject\sdl_project\debug\timer.obj
d:\humber\semester 3\game 203_ game programing 5\oldproject\sdl_project\debug\vmath.obj
d:\humber\semester 3\game 203_ game programing 5\oldproject\sdl_project\debug\window.obj
d:\humber\semester 3\game 203_ game programing 5\oldproject\sdl_project\debug\vc141.idb
d:\humber\semester 3\game 203_ game programing 5\oldproject\sdl_project\debug\vc141.pdb
d:\humber\semester 3\game 203_ game programing 5\oldproject\debug\sdl_project.pdb
d:\humber\semester 3\game 203_ game programing 5\oldproject\debug\sdl_project.exe
d:\humber\semester 3\game 203_ game programing 5\oldproject\debug\sdl_project.ilk
d:\humber\semester 3\game 203_ game programing 5\oldproject\sdl_project\debug\sdl_project.tlog\cl.command.1.tlog
d:\humber\semester 3\game 203_ game programing 5\oldproject\sdl_project\debug\sdl_project.tlog\cl.read.1.tlog
d:\humber\semester 3\game 203_ game programing 5\oldproject\sdl_project\debug\sdl_project.tlog\cl.write.1.tlog
d:\humber\semester 3\game 203_ game programing 5\oldproject\sdl_project\debug\sdl_project.tlog\link.command.1.tlog
d:\humber\semester 3\game 203_ game programing 5\oldproject\sdl_project\debug\sdl_project.tlog\link.read.1.tlog
d:\humber\semester 3\game 203_ game programing 5\oldproject\sdl_project\debug\sdl_project.tlog\link.write.1.tlog
