cl : Command line warning D9002: ignoring unknown option '/std:[c++17|c++latest]'
  GameManager.cpp
  MarioGame.cpp
c:\users\adity\desktop\humber\_humber fall 2018\game programming 5 - game-203-0na\assignment2_game203\basicphysicsengine\basicphysicsengine\collider.h(40): warning C4018: '<': signed/unsigned mismatch
c:\users\adity\desktop\humber\_humber fall 2018\game programming 5 - game-203-0na\assignment2_game203\basicphysicsengine\basicphysicsengine\collider.h(44): warning C4244: 'argument': conversion from 'unsigned int' to 'float', possible loss of data
c:\users\adity\desktop\humber\_humber fall 2018\game programming 5 - game-203-0na\assignment2_game203\basicphysicsengine\basicphysicsengine\collider.h(64): warning C4018: '<': signed/unsigned mismatch
c:\users\adity\desktop\humber\_humber fall 2018\game programming 5 - game-203-0na\assignment2_game203\basicphysicsengine\basicphysicsengine\mariogame.cpp(157): warning C4018: '<': signed/unsigned mismatch
c:\users\adity\desktop\humber\_humber fall 2018\game programming 5 - game-203-0na\assignment2_game203\basicphysicsengine\basicphysicsengine\mariogame.cpp(172): warning C4018: '<': signed/unsigned mismatch
c:\users\adity\desktop\humber\_humber fall 2018\game programming 5 - game-203-0na\assignment2_game203\basicphysicsengine\basicphysicsengine\mariogame.cpp(185): warning C4018: '<': signed/unsigned mismatch
c:\users\adity\desktop\humber\_humber fall 2018\game programming 5 - game-203-0na\assignment2_game203\basicphysicsengine\basicphysicsengine\mariogame.cpp(186): warning C4018: '<': signed/unsigned mismatch
c:\users\adity\desktop\humber\_humber fall 2018\game programming 5 - game-203-0na\assignment2_game203\basicphysicsengine\basicphysicsengine\mariogame.cpp(206): warning C4018: '<': signed/unsigned mismatch
c:\users\adity\desktop\humber\_humber fall 2018\game programming 5 - game-203-0na\assignment2_game203\basicphysicsengine\basicphysicsengine\mariogame.cpp(207): warning C4018: '<': signed/unsigned mismatch
c:\users\adity\desktop\humber\_humber fall 2018\game programming 5 - game-203-0na\assignment2_game203\basicphysicsengine\basicphysicsengine\mariogame.cpp(217): warning C4018: '<': signed/unsigned mismatch
c:\users\adity\desktop\humber\_humber fall 2018\game programming 5 - game-203-0na\assignment2_game203\basicphysicsengine\basicphysicsengine\mariogame.cpp(218): warning C4018: '<': signed/unsigned mismatch
c:\users\adity\desktop\humber\_humber fall 2018\game programming 5 - game-203-0na\assignment2_game203\basicphysicsengine\basicphysicsengine\mariogame.cpp(234): warning C4244: '=': conversion from 'float' to 'int', possible loss of data
c:\users\adity\desktop\humber\_humber fall 2018\game programming 5 - game-203-0na\assignment2_game203\basicphysicsengine\basicphysicsengine\mariogame.cpp(264): warning C4244: '=': conversion from 'float' to 'int', possible loss of data
c:\users\adity\desktop\humber\_humber fall 2018\game programming 5 - game-203-0na\assignment2_game203\basicphysicsengine\basicphysicsengine\mariogame.cpp(265): warning C4244: '=': conversion from 'float' to 'int', possible loss of data
c:\users\adity\desktop\humber\_humber fall 2018\game programming 5 - game-203-0na\assignment2_game203\basicphysicsengine\basicphysicsengine\mariogame.cpp(273): warning C4244: '=': conversion from 'float' to 'int', possible loss of data
c:\users\adity\desktop\humber\_humber fall 2018\game programming 5 - game-203-0na\assignment2_game203\basicphysicsengine\basicphysicsengine\mariogame.cpp(274): warning C4244: '=': conversion from 'float' to 'int', possible loss of data
c:\users\adity\desktop\humber\_humber fall 2018\game programming 5 - game-203-0na\assignment2_game203\basicphysicsengine\basicphysicsengine\mariogame.cpp(282): warning C4244: '=': conversion from 'float' to 'int', possible loss of data
c:\users\adity\desktop\humber\_humber fall 2018\game programming 5 - game-203-0na\assignment2_game203\basicphysicsengine\basicphysicsengine\mariogame.cpp(283): warning C4244: '=': conversion from 'float' to 'int', possible loss of data
c:\users\adity\desktop\humber\_humber fall 2018\game programming 5 - game-203-0na\assignment2_game203\basicphysicsengine\basicphysicsengine\mariogame.cpp(292): warning C4244: '=': conversion from 'float' to 'int', possible loss of data
c:\users\adity\desktop\humber\_humber fall 2018\game programming 5 - game-203-0na\assignment2_game203\basicphysicsengine\basicphysicsengine\mariogame.cpp(293): warning C4244: '=': conversion from 'float' to 'int', possible loss of data
c:\users\adity\desktop\humber\_humber fall 2018\game programming 5 - game-203-0na\assignment2_game203\basicphysicsengine\basicphysicsengine\mariogame.cpp(301): warning C4244: '=': conversion from 'float' to 'int', possible loss of data
c:\users\adity\desktop\humber\_humber fall 2018\game programming 5 - game-203-0na\assignment2_game203\basicphysicsengine\basicphysicsengine\mariogame.cpp(302): warning C4244: '=': conversion from 'float' to 'int', possible loss of data
c:\users\adity\desktop\humber\_humber fall 2018\game programming 5 - game-203-0na\assignment2_game203\basicphysicsengine\basicphysicsengine\mariogame.cpp(311): warning C4244: '=': conversion from 'float' to 'int', possible loss of data
c:\users\adity\desktop\humber\_humber fall 2018\game programming 5 - game-203-0na\assignment2_game203\basicphysicsengine\basicphysicsengine\mariogame.cpp(312): warning C4244: '=': conversion from 'float' to 'int', possible loss of data
c:\users\adity\desktop\humber\_humber fall 2018\game programming 5 - game-203-0na\assignment2_game203\basicphysicsengine\basicphysicsengine\mariogame.cpp(321): warning C4244: '=': conversion from 'float' to 'int', possible loss of data
c:\users\adity\desktop\humber\_humber fall 2018\game programming 5 - game-203-0na\assignment2_game203\basicphysicsengine\basicphysicsengine\mariogame.cpp(322): warning C4244: '=': conversion from 'float' to 'int', possible loss of data
c:\users\adity\desktop\humber\_humber fall 2018\game programming 5 - game-203-0na\assignment2_game203\basicphysicsengine\basicphysicsengine\mariogame.cpp(383): warning C4244: 'argument': conversion from 'int' to 'float', possible loss of data
c:\users\adity\desktop\humber\_humber fall 2018\game programming 5 - game-203-0na\assignment2_game203\basicphysicsengine\basicphysicsengine\mariogame.cpp(386): warning C4244: '=': conversion from 'float' to 'int', possible loss of data
c:\users\adity\desktop\humber\_humber fall 2018\game programming 5 - game-203-0na\assignment2_game203\basicphysicsengine\basicphysicsengine\mariogame.cpp(387): warning C4244: '=': conversion from 'float' to 'int', possible loss of data
  Generating Code...
  BasicPhysicsEngine.vcxproj -> C:\Users\adity\Desktop\HUMBER\_Humber Fall 2018\Game Programming 5 - GAME-203-0NA\Assignment2_GAME203\BasicPhysicsEngine\Debug\BasicPhysicsEngine.exe
